# JRE version: Java(TM) SE Runtime Environment (21.0.6+8) (build 21.0.6+8-LTS-188)
# Java VM: Java HotSpot(TM) 64-Bit Server VM (21.0.6+8-LTS-188, mixed mode, sharing, tiered, compressed oops, compressed class ptrs, g1 gc, windows-amd64)
GC Precious Log:
 CardTable entry size: 512
 Card Set container configuration: InlinePtr #cards 5 size 8 Array Of Cards #cards 12 size 40 Howl #buckets 4 coarsen threshold 1843 Howl Bitmap #cards 512 size 80 coarsen threshold 460 Card regions per heap region 1 cards per card region 2048
 CPUs: 8 total, 8 available
 Memory: 7101M
 Large Page Support: Disabled
 NUMA Support: Disabled
 Compressed Oops: Enabled (32-bit)
 Heap Region Size: 1M
 Heap Min Capacity: 8M
 Heap Initial Capacity: 112M
 Heap Max Capacity: 1776M
 Pre-touch: Disabled
 Parallel Workers: 8
 Concurrent Workers: 2
 Concurrent Refinement Workers: 8
 Periodic GC: Disabled
Heap:
 garbage-first heap   total 78848K, used 49878K [0x0000000091000000, 0x0000000100000000)
  region size 1024K, 12 young (12288K), 3 survivors (3072K)
 Metaspace       used 32258K, committed 32640K, reserved 1114112K
  class space    used 3546K, committed 3712K, reserved 1048576K
GC Heap History (20 events):
Event: 14.138 GC heap before
{Heap before GC invocations=7 (full 0):
 garbage-first heap   total 59392K, used 48473K [0x0000000091000000, 0x0000000100000000)
  region size 1024K, 25 young (25600K), 4 survivors (4096K)
 Metaspace       used 26947K, committed 27264K, reserved 1114112K
  class space    used 3039K, committed 3200K, reserved 1048576K
}
Event: 14.170 GC heap after
{Heap after GC invocations=8 (full 0):
 garbage-first heap   total 59392K, used 31232K [0x0000000091000000, 0x0000000100000000)
  region size 1024K, 4 young (4096K), 4 survivors (4096K)
 Metaspace       used 26947K, committed 27264K, reserved 1114112K
  class space    used 3039K, committed 3200K, reserved 1048576K
}
Event: 14.171 GC heap before
{Heap before GC invocations=8 (full 0):
 garbage-first heap   total 59392K, used 31232K [0x0000000091000000, 0x0000000100000000)
  region size 1024K, 5 young (5120K), 4 survivors (4096K)
 Metaspace       used 26947K, committed 27264K, reserved 1114112K
  class space    used 3039K, committed 3200K, reserved 1048576K
}
Event: 14.184 GC heap after
{Heap after GC invocations=9 (full 0):
 garbage-first heap   total 59392K, used 32534K [0x0000000091000000, 0x0000000100000000)
  region size 1024K, 1 young (1024K), 1 survivors (1024K)
 Metaspace       used 26947K, committed 27264K, reserved 1114112K
  class space    used 3039K, committed 3200K, reserved 1048576K
}
Event: 15.751 GC heap before
{Heap before GC invocations=10 (full 0):
 garbage-first heap   total 60416K, used 53014K [0x0000000091000000, 0x0000000100000000)
  region size 1024K, 19 young (19456K), 1 survivors (1024K)
 Metaspace       used 28724K, committed 29056K, reserved 1114112K
  class space    used 3230K, committed 3392K, reserved 1048576K
}
Event: 15.765 GC heap after
{Heap after GC invocations=11 (full 0):
 garbage-first heap   total 60416K, used 35200K [0x0000000091000000, 0x0000000100000000)
  region size 1024K, 3 young (3072K), 3 survivors (3072K)
 Metaspace       used 28724K, committed 29056K, reserved 1114112K
  class space    used 3230K, committed 3392K, reserved 1048576K
}
Event: 16.951 GC heap before
{Heap before GC invocations=11 (full 0):
 garbage-first heap   total 60416K, used 52608K [0x0000000091000000, 0x0000000100000000)
  region size 1024K, 20 young (20480K), 3 survivors (3072K)
 Metaspace       used 29469K, committed 29824K, reserved 1114112K
  class space    used 3290K, committed 3456K, reserved 1048576K
}
Event: 16.967 GC heap after
{Heap after GC invocations=12 (full 0):
 garbage-first heap   total 60416K, used 36001K [0x0000000091000000, 0x0000000100000000)
  region size 1024K, 2 young (2048K), 2 survivors (2048K)
 Metaspace       used 29469K, committed 29824K, reserved 1114112K
  class space    used 3290K, committed 3456K, reserved 1048576K
}
Event: 18.117 GC heap before
{Heap before GC invocations=12 (full 0):
 garbage-first heap   total 60416K, used 53409K [0x0000000091000000, 0x0000000100000000)
  region size 1024K, 19 young (19456K), 2 survivors (2048K)
 Metaspace       used 29854K, committed 30208K, reserved 1114112K
  class space    used 3306K, committed 3456K, reserved 1048576K
}
Event: 18.125 GC heap after
{Heap after GC invocations=13 (full 0):
 garbage-first heap   total 78848K, used 36630K [0x0000000091000000, 0x0000000100000000)
  region size 1024K, 2 young (2048K), 2 survivors (2048K)
 Metaspace       used 29854K, committed 30208K, reserved 1114112K
  class space    used 3306K, committed 3456K, reserved 1048576K
}
Event: 19.830 GC heap before
{Heap before GC invocations=14 (full 0):
 garbage-first heap   total 78848K, used 68374K [0x0000000091000000, 0x0000000100000000)
  region size 1024K, 33 young (33792K), 2 survivors (2048K)
 Metaspace       used 30165K, committed 30464K, reserved 1114112K
  class space    used 3313K, committed 3456K, reserved 1048576K
}
Event: 19.842 GC heap after
{Heap after GC invocations=15 (full 0):
 garbage-first heap   total 78848K, used 37654K [0x0000000091000000, 0x0000000100000000)
  region size 1024K, 3 young (3072K), 3 survivors (3072K)
 Metaspace       used 30165K, committed 30464K, reserved 1114112K
  class space    used 3313K, committed 3456K, reserved 1048576K
}
Event: 21.156 GC heap before
{Heap before GC invocations=15 (full 0):
 garbage-first heap   total 78848K, used 69398K [0x0000000091000000, 0x0000000100000000)
  region size 1024K, 34 young (34816K), 3 survivors (3072K)
 Metaspace       used 30345K, committed 30784K, reserved 1114112K
  class space    used 3321K, committed 3520K, reserved 1048576K
}
Event: 21.192 GC heap after
{Heap after GC invocations=16 (full 0):
 garbage-first heap   total 78848K, used 37459K [0x0000000091000000, 0x0000000100000000)
  region size 1024K, 3 young (3072K), 3 survivors (3072K)
 Metaspace       used 30345K, committed 30784K, reserved 1114112K
  class space    used 3321K, committed 3520K, reserved 1048576K
}
Event: 22.293 GC heap before
{Heap before GC invocations=16 (full 0):
 garbage-first heap   total 78848K, used 70227K [0x0000000091000000, 0x0000000100000000)
  region size 1024K, 35 young (35840K), 3 survivors (3072K)
 Metaspace       used 30453K, committed 30848K, reserved 1114112K
  class space    used 3329K, committed 3520K, reserved 1048576K
}
Event: 22.309 GC heap after
{Heap after GC invocations=17 (full 0):
 garbage-first heap   total 78848K, used 38813K [0x0000000091000000, 0x0000000100000000)
  region size 1024K, 4 young (4096K), 4 survivors (4096K)
 Metaspace       used 30453K, committed 30848K, reserved 1114112K
  class space    used 3329K, committed 3520K, reserved 1048576K
}
Event: 23.860 GC heap before
{Heap before GC invocations=17 (full 0):
 garbage-first heap   total 78848K, used 68509K [0x0000000091000000, 0x0000000100000000)
  region size 1024K, 33 young (33792K), 4 survivors (4096K)
 Metaspace       used 30672K, committed 31040K, reserved 1114112K
  class space    used 3342K, committed 3520K, reserved 1048576K
}
Event: 23.878 GC heap after
{Heap after GC invocations=18 (full 0):
 garbage-first heap   total 78848K, used 40260K [0x0000000091000000, 0x0000000100000000)
  region size 1024K, 4 young (4096K), 4 survivors (4096K)
 Metaspace       used 30672K, committed 31040K, reserved 1114112K
  class space    used 3342K, committed 3520K, reserved 1048576K
}
Event: 26.038 GC heap before
{Heap before GC invocations=19 (full 0):
 garbage-first heap   total 78848K, used 68932K [0x0000000091000000, 0x0000000100000000)
  region size 1024K, 32 young (32768K), 4 survivors (4096K)
 Metaspace       used 30991K, committed 31360K, reserved 1114112K
  class space    used 3350K, committed 3520K, reserved 1048576K
}
Event: 26.056 GC heap after
{Heap after GC invocations=20 (full 0):
 garbage-first heap   total 78848K, used 41686K [0x0000000091000000, 0x0000000100000000)
  region size 1024K, 3 young (3072K), 3 survivors (3072K)
 Metaspace       used 30991K, committed 31360K, reserved 1114112K
  class space    used 3350K, committed 3520K, reserved 1048576K
}

