# JRE version: Java(TM) SE Runtime Environment (21.0.6+8) (build 21.0.6+8-LTS-188)
# Java VM: Java HotSpot(TM) 64-Bit Server VM (21.0.6+8-LTS-188, mixed mode, sharing, tiered, compressed oops, compressed class ptrs, g1 gc, windows-amd64)
GC Precious Log:
 CardTable entry size: 512
 Card Set container configuration: InlinePtr #cards 5 size 8 Array Of Cards #cards 12 size 40 Howl #buckets 4 coarsen threshold 1843 Howl Bitmap #cards 512 size 80 coarsen threshold 460 Card regions per heap region 1 cards per card region 2048
 CPUs: 8 total, 8 available
 Memory: 7101M
 Large Page Support: Disabled
 NUMA Support: Disabled
 Compressed Oops: Enabled (32-bit)
 Heap Region Size: 1M
 Heap Min Capacity: 8M
 Heap Initial Capacity: 112M
 Heap Max Capacity: 1776M
 Pre-touch: Disabled
 Parallel Workers: 8
 Concurrent Workers: 2
 Concurrent Refinement Workers: 8
 Periodic GC: Disabled
Heap:
 garbage-first heap   total 58368K, used 16799K [0x0000000091000000, 0x0000000100000000)
  region size 1024K, 12 young (12288K), 9 survivors (9216K)
 Metaspace       used 21187K, committed 21632K, reserved 1114112K
  class space    used 3142K, committed 3328K, reserved 1048576K
GC Heap History (6 events):
Event: 3.709 GC heap before
{Heap before GC invocations=0 (full 0):
 garbage-first heap   total 114688K, used 22528K [0x0000000091000000, 0x0000000100000000)
  region size 1024K, 23 young (23552K), 0 survivors (0K)
 Metaspace       used 4517K, committed 4800K, reserved 1114112K
  class space    used 485K, committed 640K, reserved 1048576K
}
Event: 3.725 GC heap after
{Heap after GC invocations=1 (full 0):
 garbage-first heap   total 114688K, used 2517K [0x0000000091000000, 0x0000000100000000)
  region size 1024K, 3 young (3072K), 3 survivors (3072K)
 Metaspace       used 4517K, committed 4800K, reserved 1114112K
  class space    used 485K, committed 640K, reserved 1048576K
}
Event: 6.587 GC heap before
{Heap before GC invocations=1 (full 0):
 garbage-first heap   total 114688K, used 36309K [0x0000000091000000, 0x0000000100000000)
  region size 1024K, 37 young (37888K), 3 survivors (3072K)
 Metaspace       used 13108K, committed 13568K, reserved 1114112K
  class space    used 1718K, committed 1920K, reserved 1048576K
}
Event: 6.602 GC heap after
{Heap after GC invocations=2 (full 0):
 garbage-first heap   total 114688K, used 7200K [0x0000000091000000, 0x0000000100000000)
  region size 1024K, 5 young (5120K), 5 survivors (5120K)
 Metaspace       used 13108K, committed 13568K, reserved 1114112K
  class space    used 1718K, committed 1920K, reserved 1048576K
}
Event: 13.489 GC heap before
{Heap before GC invocations=2 (full 0):
 garbage-first heap   total 114688K, used 54304K [0x0000000091000000, 0x0000000100000000)
  region size 1024K, 51 young (52224K), 5 survivors (5120K)
 Metaspace       used 21126K, committed 21504K, reserved 1114112K
  class space    used 3142K, committed 3328K, reserved 1048576K
}
Event: 13.503 GC heap after
{Heap after GC invocations=3 (full 0):
 garbage-first heap   total 114688K, used 14751K [0x0000000091000000, 0x0000000100000000)
  region size 1024K, 9 young (9216K), 9 survivors (9216K)
 Metaspace       used 21126K, committed 21504K, reserved 1114112K
  class space    used 3142K, committed 3328K, reserved 1048576K
}

